d:\code\rtspserver\vs2017\x64\debug\vc141.pdb
d:\code\rtspserver\vs2017\x64\debug\vc141.idb
d:\code\rtspserver\vs2017\x64\debug\digestauthentication.obj
d:\code\rtspserver\vs2017\x64\debug\aacsource.obj
d:\code\rtspserver\vs2017\x64\debug\timestamp.obj
d:\code\rtspserver\vs2017\x64\debug\timer.obj
d:\code\rtspserver\vs2017\x64\debug\tcpsocket.obj
d:\code\rtspserver\vs2017\x64\debug\tcpserver.obj
d:\code\rtspserver\vs2017\x64\debug\tcpconnection.obj
d:\code\rtspserver\vs2017\x64\debug\taskscheduler.obj
d:\code\rtspserver\vs2017\x64\debug\socketutil.obj
d:\code\rtspserver\vs2017\x64\debug\selecttaskscheduler.obj
d:\code\rtspserver\vs2017\x64\debug\pipe.obj
d:\code\rtspserver\vs2017\x64\debug\netinterface.obj
d:\code\rtspserver\vs2017\x64\debug\memorymanager.obj
d:\code\rtspserver\vs2017\x64\debug\logger.obj
d:\code\rtspserver\vs2017\x64\debug\eventloop.obj
d:\code\rtspserver\vs2017\x64\debug\epolltaskscheduler.obj
d:\code\rtspserver\vs2017\x64\debug\bufferwriter.obj
d:\code\rtspserver\vs2017\x64\debug\bufferreader.obj
d:\code\rtspserver\vs2017\x64\debug\acceptor.obj
d:\code\rtspserver\vs2017\x64\debug\rtsp_h264.obj
d:\code\rtspserver\vs2017\x64\debug\rtspserver.obj
d:\code\rtspserver\vs2017\x64\debug\rtspmessage.obj
d:\code\rtspserver\vs2017\x64\debug\rtspconnection.obj
d:\code\rtspserver\vs2017\x64\debug\rtpconnection.obj
d:\code\rtspserver\vs2017\x64\debug\mediasession.obj
d:\code\rtspserver\vs2017\x64\debug\h265source.obj
d:\code\rtspserver\vs2017\x64\debug\h264source.obj
d:\code\rtspserver\vs2017\x64\debug\h264parser.obj
d:\code\rtspserver\vs2017\x64\debug\g711asource.obj
d:\code\rtspserver\vs2017\x64\debug\rtsp.ilk
d:\code\rtspserver\vs2017\x64\debug\rtsp.exe
d:\code\rtspserver\vs2017\x64\debug\rtsp.pdb
d:\code\rtspserver\vs2017\x64\debug\rtsp.tlog\cl.command.1.tlog
d:\code\rtspserver\vs2017\x64\debug\rtsp.tlog\cl.read.1.tlog
d:\code\rtspserver\vs2017\x64\debug\rtsp.tlog\cl.write.1.tlog
d:\code\rtspserver\vs2017\x64\debug\rtsp.tlog\link.command.1.tlog
d:\code\rtspserver\vs2017\x64\debug\rtsp.tlog\link.read.1.tlog
d:\code\rtspserver\vs2017\x64\debug\rtsp.tlog\link.write.1.tlog
